<?xml version="1.0" encoding="UTF-8"?>
<coverage generated="1760991487789" clover="3.2.0">
  <project timestamp="1760991487789" name="All files">
    <metrics statements="71" coveredstatements="60" conditionals="32" coveredconditionals="27" methods="12" coveredmethods="10" elements="115" coveredelements="97" complexity="0" loc="71" ncloc="71" packages="1" files="3" classes="3"/>
    <file name="chat.ts" path="/Users/johncgilmore/Dev/cstreet/wa-guidance-service/src/chat.ts">
      <metrics statements="62" coveredstatements="51" conditionals="30" coveredconditionals="25" methods="10" coveredmethods="8"/>
      <line num="1" count="1" type="stmt"/>
      <line num="2" count="1" type="stmt"/>
      <line num="3" count="1" type="stmt"/>
      <line num="6" count="1" type="stmt"/>
      <line num="7" count="1" type="stmt"/>
      <line num="9" count="1" type="stmt"/>
      <line num="15" count="1" type="stmt"/>
      <line num="21" count="33" type="cond" truecount="2" falsecount="0"/>
      <line num="22" count="33" type="cond" truecount="1" falsecount="0"/>
      <line num="23" count="2" type="stmt"/>
      <line num="26" count="31" type="stmt"/>
      <line num="27" count="31" type="cond" truecount="2" falsecount="0"/>
      <line num="28" count="31" type="stmt"/>
      <line num="35" count="0" type="cond" truecount="0" falsecount="1"/>
      <line num="36" count="0" type="stmt"/>
      <line num="40" count="0" type="stmt"/>
      <line num="41" count="0" type="stmt"/>
      <line num="42" count="0" type="stmt"/>
      <line num="43" count="0" type="stmt"/>
      <line num="52" count="17" type="cond" truecount="1" falsecount="0"/>
      <line num="53" count="17" type="stmt"/>
      <line num="56" count="0" type="cond" truecount="0" falsecount="2"/>
      <line num="57" count="0" type="stmt"/>
      <line num="58" count="0" type="stmt"/>
      <line num="60" count="0" type="stmt"/>
      <line num="61" count="0" type="cond" truecount="0" falsecount="2"/>
      <line num="68" count="23" type="cond" truecount="1" falsecount="0"/>
      <line num="69" count="1" type="stmt"/>
      <line num="72" count="22" type="stmt"/>
      <line num="73" count="22" type="stmt"/>
      <line num="74" count="23" type="cond" truecount="1" falsecount="0"/>
      <line num="80" count="2" type="stmt"/>
      <line num="83" count="21" type="stmt"/>
      <line num="84" count="21" type="cond" truecount="4" falsecount="0"/>
      <line num="85" count="2" type="stmt"/>
      <line num="88" count="19" type="stmt"/>
      <line num="91" count="18" type="stmt"/>
      <line num="99" count="27" type="cond" truecount="1" falsecount="0"/>
      <line num="100" count="4" type="stmt"/>
      <line num="104" count="23" type="stmt"/>
      <line num="105" count="18" type="cond" truecount="1" falsecount="0"/>
      <line num="106" count="1" type="stmt"/>
      <line num="110" count="17" type="stmt"/>
      <line num="113" count="17" type="stmt"/>
      <line num="116" count="19" type="stmt"/>
      <line num="122" count="17" type="stmt"/>
      <line num="130" count="19" type="stmt"/>
      <line num="138" count="17" type="stmt"/>
      <line num="139" count="17" type="cond" truecount="1" falsecount="0"/>
      <line num="140" count="2" type="stmt"/>
      <line num="144" count="15" type="stmt"/>
      <line num="145" count="15" type="stmt"/>
      <line num="147" count="1" type="stmt"/>
      <line num="148" count="1" type="stmt"/>
      <line num="152" count="14" type="cond" truecount="2" falsecount="0"/>
      <line num="156" count="14" type="cond" truecount="1" falsecount="0"/>
      <line num="157" count="1" type="stmt"/>
      <line num="160" count="13" type="stmt"/>
      <line num="161" count="13" type="cond" truecount="2" falsecount="0"/>
      <line num="163" count="8" type="stmt"/>
      <line num="164" count="8" type="stmt"/>
      <line num="169" count="13" type="stmt"/>
    </file>
    <file name="guidanceMap.ts" path="/Users/johncgilmore/Dev/cstreet/wa-guidance-service/src/guidanceMap.ts">
      <metrics statements="4" coveredstatements="4" conditionals="2" coveredconditionals="2" methods="1" coveredmethods="1"/>
      <line num="7" count="3" type="stmt"/>
      <line num="80" count="3" type="stmt"/>
      <line num="90" count="3" type="stmt"/>
      <line num="91" count="62" type="cond" truecount="2" falsecount="0"/>
    </file>
    <file name="prompts.ts" path="/Users/johncgilmore/Dev/cstreet/wa-guidance-service/src/prompts.ts">
      <metrics statements="5" coveredstatements="5" conditionals="0" coveredconditionals="0" methods="1" coveredmethods="1"/>
      <line num="4" count="1" type="stmt"/>
      <line num="10" count="1" type="stmt"/>
      <line num="25" count="1" type="stmt"/>
      <line num="51" count="1" type="stmt"/>
      <line num="52" count="17" type="stmt"/>
    </file>
  </project>
</coverage>
