{"/Users/johncgilmore/Dev/cstreet/wa-guidance-service/src/chat.ts": {"path":"/Users/johncgilmore/Dev/cstreet/wa-guidance-service/src/chat.ts","statementMap":{"0":{"start":{"line":1,"column":0},"end":{"line":1,"column":28}},"1":{"start":{"line":2,"column":0},"end":{"line":2,"column":36}},"2":{"start":{"line":3,"column":0},"end":{"line":3,"column":24}},"3":{"start":{"line":6,"column":0},"end":{"line":6,"column":78}},"4":{"start":{"line":7,"column":0},"end":{"line":7,"column":46}},"5":{"start":{"line":9,"column":26},"end":{"line":9,"column":31}},"6":{"start":{"line":21,"column":19},"end":{"line":21,"column":63}},"7":{"start":{"line":22,"column":4},"end":{"line":24,"column":5}},"8":{"start":{"line":23,"column":6},"end":{"line":23,"column":103}},"9":{"start":{"line":26,"column":4},"end":{"line":26,"column":47}},"10":{"start":{"line":27,"column":4},"end":{"line":27,"column":72}},"11":{"start":{"line":28,"column":4},"end":{"line":28,"column":43}},"12":{"start":{"line":35,"column":4},"end":{"line":37,"column":5}},"13":{"start":{"line":36,"column":6},"end":{"line":36,"column":80}},"14":{"start":{"line":40,"column":25},"end":{"line":40,"column":48}},"15":{"start":{"line":41,"column":25},"end":{"line":41,"column":66}},"16":{"start":{"line":42,"column":17},"end":{"line":42,"column":56}},"17":{"start":{"line":43,"column":4},"end":{"line":43,"column":48}},"18":{"start":{"line":52,"column":4},"end":{"line":54,"column":5}},"19":{"start":{"line":53,"column":6},"end":{"line":53,"column":57}},"20":{"start":{"line":56,"column":20},"end":{"line":56,"column":77}},"21":{"start":{"line":57,"column":21},"end":{"line":58,"column":null}},"22":{"start":{"line":58,"column":29},"end":{"line":58,"column":75}},"23":{"start":{"line":60,"column":19},"end":{"line":60,"column":47}},"24":{"start":{"line":61,"column":4},"end":{"line":61,"column":97}},"25":{"start":{"line":68,"column":4},"end":{"line":70,"column":5}},"26":{"start":{"line":69,"column":6},"end":{"line":69,"column":51}},"27":{"start":{"line":72,"column":37},"end":{"line":72,"column":39}},"28":{"start":{"line":73,"column":4},"end":{"line":89,"column":5}},"29":{"start":{"line":74,"column":6},"end":{"line":81,"column":7}},"30":{"start":{"line":80,"column":8},"end":{"line":80,"column":50}},"31":{"start":{"line":83,"column":32},"end":{"line":83,"column":76}},"32":{"start":{"line":84,"column":6},"end":{"line":86,"column":7}},"33":{"start":{"line":85,"column":8},"end":{"line":85,"column":103}},"34":{"start":{"line":88,"column":6},"end":{"line":88,"column":40}},"35":{"start":{"line":91,"column":4},"end":{"line":91,"column":21}},"36":{"start":{"line":99,"column":4},"end":{"line":101,"column":5}},"37":{"start":{"line":100,"column":6},"end":{"line":100,"column":71}},"38":{"start":{"line":104,"column":30},"end":{"line":104,"column":61}},"39":{"start":{"line":105,"column":4},"end":{"line":107,"column":5}},"40":{"start":{"line":106,"column":6},"end":{"line":106,"column":58}},"41":{"start":{"line":110,"column":25},"end":{"line":110,"column":61}},"42":{"start":{"line":113,"column":25},"end":{"line":113,"column":56}},"43":{"start":{"line":116,"column":27},"end":{"line":119,"column":7}},"44":{"start":{"line":116,"column":73},"end":{"line":119,"column":6}},"45":{"start":{"line":122,"column":21},"end":{"line":135,"column":6}},"46":{"start":{"line":130,"column":44},"end":{"line":133,"column":10}},"47":{"start":{"line":138,"column":23},"end":{"line":138,"column":68}},"48":{"start":{"line":139,"column":4},"end":{"line":141,"column":5}},"49":{"start":{"line":140,"column":6},"end":{"line":140,"column":58}},"50":{"start":{"line":144,"column":4},"end":{"line":149,"column":5}},"51":{"start":{"line":145,"column":6},"end":{"line":145,"column":38}},"52":{"start":{"line":147,"column":6},"end":{"line":147,"column":88}},"53":{"start":{"line":148,"column":6},"end":{"line":148,"column":63}},"54":{"start":{"line":152,"column":19},"end":{"line":154,"column":12}},"55":{"start":{"line":156,"column":4},"end":{"line":158,"column":5}},"56":{"start":{"line":157,"column":6},"end":{"line":157,"column":67}},"57":{"start":{"line":160,"column":35},"end":{"line":160,"column":97}},"58":{"start":{"line":161,"column":31},"end":{"line":167,"column":10}},"59":{"start":{"line":163,"column":46},"end":{"line":163,"column":71}},"60":{"start":{"line":164,"column":26},"end":{"line":164,"column":38}},"61":{"start":{"line":169,"column":4},"end":{"line":172,"column":6}},"62":{"start":{"line":15,"column":0},"end":{"line":15,"column":13}}},"fnMap":{"0":{"name":"(anonymous_1)","decl":{"start":{"line":20,"column":2},"end":{"line":20,"column":14}},"loc":{"start":{"line":20,"column":46},"end":{"line":29,"column":3}}},"1":{"name":"(anonymous_2)","decl":{"start":{"line":34,"column":10},"end":{"line":34,"column":15}},"loc":{"start":{"line":34,"column":60},"end":{"line":44,"column":3}}},"2":{"name":"(anonymous_3)","decl":{"start":{"line":49,"column":10},"end":{"line":49,"column":15}},"loc":{"start":{"line":49,"column":50},"end":{"line":62,"column":3}}},"3":{"name":"(anonymous_4)","decl":{"start":{"line":58,"column":18},"end":{"line":58,"column":19}},"loc":{"start":{"line":58,"column":29},"end":{"line":58,"column":75}}},"4":{"name":"(anonymous_5)","decl":{"start":{"line":67,"column":10},"end":{"line":67,"column":26}},"loc":{"start":{"line":67,"column":44},"end":{"line":92,"column":3}}},"5":{"name":"(anonymous_6)","decl":{"start":{"line":97,"column":2},"end":{"line":97,"column":7}},"loc":{"start":{"line":97,"column":47},"end":{"line":173,"column":3}}},"6":{"name":"(anonymous_7)","decl":{"start":{"line":116,"column":59},"end":{"line":116,"column":60}},"loc":{"start":{"line":116,"column":73},"end":{"line":119,"column":6}}},"7":{"name":"(anonymous_8)","decl":{"start":{"line":130,"column":30},"end":{"line":130,"column":31}},"loc":{"start":{"line":130,"column":44},"end":{"line":133,"column":10}}},"8":{"name":"(anonymous_9)","decl":{"start":{"line":163,"column":18},"end":{"line":163,"column":19}},"loc":{"start":{"line":163,"column":46},"end":{"line":163,"column":71}}},"9":{"name":"(anonymous_10)","decl":{"start":{"line":164,"column":15},"end":{"line":164,"column":16}},"loc":{"start":{"line":164,"column":26},"end":{"line":164,"column":38}}}},"branchMap":{"0":{"loc":{"start":{"line":20,"column":14},"end":{"line":20,"column":46}},"type":"default-arg","locations":[{"start":{"line":20,"column":44},"end":{"line":20,"column":46}}]},"1":{"loc":{"start":{"line":21,"column":19},"end":{"line":21,"column":63}},"type":"binary-expr","locations":[{"start":{"line":21,"column":19},"end":{"line":21,"column":33}},{"start":{"line":21,"column":37},"end":{"line":21,"column":63}}]},"2":{"loc":{"start":{"line":22,"column":4},"end":{"line":24,"column":5}},"type":"if","locations":[{"start":{"line":22,"column":4},"end":{"line":24,"column":5}}]},"3":{"loc":{"start":{"line":27,"column":27},"end":{"line":27,"column":71}},"type":"binary-expr","locations":[{"start":{"line":27,"column":27},"end":{"line":27,"column":50}},{"start":{"line":27,"column":54},"end":{"line":27,"column":71}}]},"4":{"loc":{"start":{"line":35,"column":4},"end":{"line":37,"column":5}},"type":"if","locations":[{"start":{"line":35,"column":4},"end":{"line":37,"column":5}}]},"5":{"loc":{"start":{"line":52,"column":4},"end":{"line":54,"column":5}},"type":"if","locations":[{"start":{"line":52,"column":4},"end":{"line":54,"column":5}}]},"6":{"loc":{"start":{"line":56,"column":25},"end":{"line":56,"column":55}},"type":"binary-expr","locations":[{"start":{"line":56,"column":25},"end":{"line":56,"column":49}},{"start":{"line":56,"column":53},"end":{"line":56,"column":55}}]},"7":{"loc":{"start":{"line":61,"column":11},"end":{"line":61,"column":96}},"type":"cond-expr","locations":[{"start":{"line":61,"column":50},"end":{"line":61,"column":87}},{"start":{"line":61,"column":90},"end":{"line":61,"column":96}}]},"8":{"loc":{"start":{"line":68,"column":4},"end":{"line":70,"column":5}},"type":"if","locations":[{"start":{"line":68,"column":4},"end":{"line":70,"column":5}}]},"9":{"loc":{"start":{"line":74,"column":6},"end":{"line":81,"column":7}},"type":"if","locations":[{"start":{"line":74,"column":6},"end":{"line":81,"column":7}}]},"10":{"loc":{"start":{"line":75,"column":8},"end":{"line":78,"column":62}},"type":"binary-expr","locations":[{"start":{"line":75,"column":8},"end":{"line":75,"column":14}},{"start":{"line":76,"column":8},"end":{"line":76,"column":33}},{"start":{"line":77,"column":9},"end":{"line":77,"column":56}},{"start":{"line":78,"column":9},"end":{"line":78,"column":62}}]},"11":{"loc":{"start":{"line":84,"column":6},"end":{"line":86,"column":7}},"type":"if","locations":[{"start":{"line":84,"column":6},"end":{"line":86,"column":7}}]},"12":{"loc":{"start":{"line":84,"column":10},"end":{"line":84,"column":82}},"type":"binary-expr","locations":[{"start":{"line":84,"column":11},"end":{"line":84,"column":26}},{"start":{"line":84,"column":30},"end":{"line":84,"column":50}},{"start":{"line":84,"column":55},"end":{"line":84,"column":82}}]},"13":{"loc":{"start":{"line":99,"column":4},"end":{"line":101,"column":5}},"type":"if","locations":[{"start":{"line":99,"column":4},"end":{"line":101,"column":5}}]},"14":{"loc":{"start":{"line":105,"column":4},"end":{"line":107,"column":5}},"type":"if","locations":[{"start":{"line":105,"column":4},"end":{"line":107,"column":5}}]},"15":{"loc":{"start":{"line":139,"column":4},"end":{"line":141,"column":5}},"type":"if","locations":[{"start":{"line":139,"column":4},"end":{"line":141,"column":5}}]},"16":{"loc":{"start":{"line":152,"column":19},"end":{"line":154,"column":12}},"type":"cond-expr","locations":[{"start":{"line":153,"column":8},"end":{"line":153,"column":54}},{"start":{"line":154,"column":8},"end":{"line":154,"column":12}}]},"17":{"loc":{"start":{"line":156,"column":4},"end":{"line":158,"column":5}},"type":"if","locations":[{"start":{"line":156,"column":4},"end":{"line":158,"column":5}}]},"18":{"loc":{"start":{"line":161,"column":31},"end":{"line":167,"column":10}},"type":"cond-expr","locations":[{"start":{"line":162,"column":8},"end":{"line":166,"column":22}},{"start":{"line":167,"column":8},"end":{"line":167,"column":10}}]}},"s":{"0":1,"1":1,"2":1,"3":1,"4":1,"5":1,"6":33,"7":33,"8":2,"9":31,"10":31,"11":31,"12":0,"13":0,"14":0,"15":0,"16":0,"17":0,"18":17,"19":17,"20":0,"21":0,"22":0,"23":0,"24":0,"25":23,"26":1,"27":22,"28":22,"29":23,"30":2,"31":21,"32":21,"33":2,"34":19,"35":18,"36":27,"37":4,"38":23,"39":18,"40":1,"41":17,"42":17,"43":17,"44":19,"45":17,"46":19,"47":17,"48":17,"49":2,"50":15,"51":15,"52":1,"53":1,"54":14,"55":14,"56":1,"57":13,"58":13,"59":8,"60":8,"61":13,"62":1},"f":{"0":33,"1":0,"2":17,"3":0,"4":23,"5":27,"6":19,"7":19,"8":8,"9":8},"b":{"0":[2],"1":[33,3],"2":[2],"3":[31,29],"4":[0],"5":[17],"6":[0,0],"7":[0,0],"8":[1],"9":[2],"10":[23,23,23,22],"11":[2],"12":[21,2,20],"13":[4],"14":[1],"15":[2],"16":[13,1],"17":[1],"18":[12,1]}}
,"/Users/johncgilmore/Dev/cstreet/wa-guidance-service/src/guidanceMap.ts": {"path":"/Users/johncgilmore/Dev/cstreet/wa-guidance-service/src/guidanceMap.ts","statementMap":{"0":{"start":{"line":90,"column":0},"end":{"line":90,"column":16}},"1":{"start":{"line":7,"column":13},"end":{"line":75,"column":2}},"2":{"start":{"line":80,"column":13},"end":{"line":85,"column":2}},"3":{"start":{"line":91,"column":2},"end":{"line":91,"column":100}}},"fnMap":{"0":{"name":"isWaTileId","decl":{"start":{"line":90,"column":16},"end":{"line":90,"column":26}},"loc":{"start":{"line":90,"column":41},"end":{"line":92,"column":1}}}},"branchMap":{"0":{"loc":{"start":{"line":91,"column":9},"end":{"line":91,"column":99}},"type":"binary-expr","locations":[{"start":{"line":91,"column":9},"end":{"line":91,"column":34}},{"start":{"line":91,"column":38},"end":{"line":91,"column":99}}]}},"s":{"0":3,"1":3,"2":3,"3":62},"f":{"0":62},"b":{"0":[62,54]}}
,"/Users/johncgilmore/Dev/cstreet/wa-guidance-service/src/prompts.ts": {"path":"/Users/johncgilmore/Dev/cstreet/wa-guidance-service/src/prompts.ts","statementMap":{"0":{"start":{"line":51,"column":0},"end":{"line":51,"column":16}},"1":{"start":{"line":4,"column":13},"end":{"line":5,"column":156}},"2":{"start":{"line":10,"column":26},"end":{"line":20,"column":96}},"3":{"start":{"line":25,"column":42},"end":{"line":45,"column":132}},"4":{"start":{"line":52,"column":2},"end":{"line":76,"column":20}}},"fnMap":{"0":{"name":"buildSystemPrompt","decl":{"start":{"line":51,"column":16},"end":{"line":51,"column":33}},"loc":{"start":{"line":51,"column":57},"end":{"line":77,"column":1}}}},"branchMap":{},"s":{"0":1,"1":1,"2":1,"3":1,"4":17},"f":{"0":17},"b":{}}
}
