TN:
SF:src/chat.ts
FN:20,(anonymous_1)
FN:34,(anonymous_2)
FN:49,(anonymous_3)
FN:58,(anonymous_4)
FN:67,(anonymous_5)
FN:97,(anonymous_6)
FN:116,(anonymous_7)
FN:130,(anonymous_8)
FN:163,(anonymous_9)
FN:164,(anonymous_10)
FNF:10
FNH:8
FNDA:33,(anonymous_1)
FNDA:0,(anonymous_2)
FNDA:17,(anonymous_3)
FNDA:0,(anonymous_4)
FNDA:23,(anonymous_5)
FNDA:27,(anonymous_6)
FNDA:19,(anonymous_7)
FNDA:19,(anonymous_8)
FNDA:8,(anonymous_9)
FNDA:8,(anonymous_10)
DA:1,1
DA:2,1
DA:3,1
DA:6,1
DA:7,1
DA:9,1
DA:15,1
DA:21,33
DA:22,33
DA:23,2
DA:26,31
DA:27,31
DA:28,31
DA:35,0
DA:36,0
DA:40,0
DA:41,0
DA:42,0
DA:43,0
DA:52,17
DA:53,17
DA:56,0
DA:57,0
DA:58,0
DA:60,0
DA:61,0
DA:68,23
DA:69,1
DA:72,22
DA:73,22
DA:74,23
DA:80,2
DA:83,21
DA:84,21
DA:85,2
DA:88,19
DA:91,18
DA:99,27
DA:100,4
DA:104,23
DA:105,18
DA:106,1
DA:110,17
DA:113,17
DA:116,19
DA:122,17
DA:130,19
DA:138,17
DA:139,17
DA:140,2
DA:144,15
DA:145,15
DA:147,1
DA:148,1
DA:152,14
DA:156,14
DA:157,1
DA:160,13
DA:161,13
DA:163,8
DA:164,8
DA:169,13
LF:62
LH:51
BRDA:20,0,0,2
BRDA:21,1,0,33
BRDA:21,1,1,3
BRDA:22,2,0,2
BRDA:27,3,0,31
BRDA:27,3,1,29
BRDA:35,4,0,0
BRDA:52,5,0,17
BRDA:56,6,0,0
BRDA:56,6,1,0
BRDA:61,7,0,0
BRDA:61,7,1,0
BRDA:68,8,0,1
BRDA:74,9,0,2
BRDA:75,10,0,23
BRDA:75,10,1,23
BRDA:75,10,2,23
BRDA:75,10,3,22
BRDA:84,11,0,2
BRDA:84,12,0,21
BRDA:84,12,1,2
BRDA:84,12,2,20
BRDA:99,13,0,4
BRDA:105,14,0,1
BRDA:139,15,0,2
BRDA:152,16,0,13
BRDA:152,16,1,1
BRDA:156,17,0,1
BRDA:161,18,0,12
BRDA:161,18,1,1
BRF:30
BRH:25
end_of_record
TN:
SF:src/guidanceMap.ts
FN:90,isWaTileId
FNF:1
FNH:1
FNDA:62,isWaTileId
DA:7,3
DA:80,3
DA:90,3
DA:91,62
LF:4
LH:4
BRDA:91,0,0,62
BRDA:91,0,1,54
BRF:2
BRH:2
end_of_record
TN:
SF:src/prompts.ts
FN:51,buildSystemPrompt
FNF:1
FNH:1
FNDA:17,buildSystemPrompt
DA:4,1
DA:10,1
DA:25,1
DA:51,1
DA:52,17
LF:5
LH:5
BRF:0
BRH:0
end_of_record
